[debug] [2025-06-10T12:11:35.984Z] ----------------------------------------------------------------------
[debug] [2025-06-10T12:11:35.988Z] Command:       C:\Program Files\nodejs\node.exe C:\Users\omogo\AppData\Roaming\npm\node_modules\firebase-tools\lib\bin\firebase.js init
[debug] [2025-06-10T12:11:35.989Z] CLI Version:   14.6.0
[debug] [2025-06-10T12:11:35.989Z] Platform:      win32
[debug] [2025-06-10T12:11:35.989Z] Node Version:  v22.14.0
[debug] [2025-06-10T12:11:35.989Z] Time:          Tue Jun 10 2025 14:11:35 GMT+0200 (Central Africa Time)
[debug] [2025-06-10T12:11:35.990Z] ----------------------------------------------------------------------
[debug] 
[debug] [2025-06-10T12:11:36.360Z] > command requires scopes: ["email","openid","https://www.googleapis.com/auth/cloudplatformprojects.readonly","https://www.googleapis.com/auth/firebase","https://www.googleapis.com/auth/cloud-platform"]
[debug] [2025-06-10T12:11:36.360Z] > authorizing via signed-in user (omogolommusi00@gmail.com)
[info] 
     ######## #### ########  ######## ########     ###     ######  ########
     ##        ##  ##     ## ##       ##     ##  ##   ##  ##       ##
     ######    ##  ########  ######   ########  #########  ######  ######
     ##        ##  ##    ##  ##       ##     ## ##     ##       ## ##
     ##       #### ##     ## ######## ########  ##     ##  ######  ########

You're about to initialize a Firebase project in this directory:

  C:\Users\omogo\omogolonew\portfolio

Before we get started, keep in mind:

  * You are initializing within an existing Firebase project directory

[info] 
=== Project Setup
[info] 
[info] First, let's associate this project directory with a Firebase project.
[info] You can create multiple project aliases by running firebase use --add, 
[info] but for now we'll just set up a default project.
[info] 
[debug] [2025-06-10T12:12:03.598Z] Using project from CLI flag: newone-55232
[debug] [2025-06-10T12:12:03.600Z] Checked if tokens are valid: true, expires at: 1749560852551
[debug] [2025-06-10T12:12:03.600Z] Checked if tokens are valid: true, expires at: 1749560852551
[debug] [2025-06-10T12:12:03.602Z] >>> [apiv2][query] GET https://firebase.googleapis.com/v1beta1/projects/newone-55232 [none]
[debug] [2025-06-10T12:12:05.199Z] <<< [apiv2][status] GET https://firebase.googleapis.com/v1beta1/projects/newone-55232 200
[debug] [2025-06-10T12:12:05.199Z] <<< [apiv2][body] GET https://firebase.googleapis.com/v1beta1/projects/newone-55232 {"projectId":"newone-55232","projectNumber":"890717173003","displayName":"newone","name":"projects/newone-55232","resources":{"hostingSite":"newone-55232"},"state":"ACTIVE","etag":"1_ed791f74-1057-4310-aa6a-1941ac5e1f3f"}
[info] i  Using project newone-55232 (newone) 
[info] 
=== Hosting Setup
[debug] [2025-06-10T12:12:05.211Z] Checked if tokens are valid: true, expires at: 1749560852551
[debug] [2025-06-10T12:12:05.212Z] Checked if tokens are valid: true, expires at: 1749560852551
[debug] [2025-06-10T12:12:05.212Z] >>> [apiv2][query] GET https://firebase.googleapis.com/v1beta1/projects/newone-55232 [none]
[debug] [2025-06-10T12:12:05.914Z] <<< [apiv2][status] GET https://firebase.googleapis.com/v1beta1/projects/newone-55232 200
[debug] [2025-06-10T12:12:05.914Z] <<< [apiv2][body] GET https://firebase.googleapis.com/v1beta1/projects/newone-55232 {"projectId":"newone-55232","projectNumber":"890717173003","displayName":"newone","name":"projects/newone-55232","resources":{"hostingSite":"newone-55232"},"state":"ACTIVE","etag":"1_ed791f74-1057-4310-aa6a-1941ac5e1f3f"}
[info] 
[info] Your public directory is the folder (relative to your project directory) that
[info] will contain Hosting assets to be uploaded with firebase deploy. If you
[info] have a build process for your assets, use your build's output directory.
[info] 
[debug] [2025-06-10T12:12:17.834Z] ExitPromptError: User force closed the prompt with SIGINT
    at Interface.sigint (C:\Users\omogo\AppData\Roaming\npm\node_modules\firebase-tools\node_modules\@inquirer\core\dist\commonjs\lib\create-prompt.js:101:37)
    at Interface.emit (node:events:518:28)
    at Interface.emit (node:domain:489:12)
    at [_ttyWrite] [as _ttyWrite] (node:internal/readline/interface:1124:18)
    at ReadStream.onkeypress (node:internal/readline/interface:263:20)
    at ReadStream.emit (node:events:530:35)
    at ReadStream.emit (node:domain:489:12)
    at emitKeys (node:internal/readline/utils:370:14)
    at emitKeys.next (<anonymous>)
    at ReadStream.onData (node:internal/readline/emitKeypressEvents:64:36)
[error] 
[error] Error: An unexpected error has occurred.
